2025-10-18 16:07:16,709 - ml_project_logger - INFO - Logging initialized. Log file: C:\Users\YASH\Desktop\DataScienceProjects\ML_Proj1\logs\log_2025_10_18_16_07_16.log
2025-10-18 16:07:17,890 - ml_project_logger - INFO - Initiating DataIngestion...
2025-10-18 16:07:17,955 - ml_project_logger - INFO - Data read as pandas Dataframe
2025-10-18 16:07:17,962 - ml_project_logger - INFO - Train-Test Split Initiated...
2025-10-18 16:07:17,973 - ml_project_logger - INFO - Data Ingestion Completed...
2025-10-18 16:07:17,973 - ml_project_logger - INFO - Starting data transformation process
2025-10-18 16:07:17,973 - ml_project_logger - INFO - Loading training data from: artifact\train.csv
2025-10-18 16:07:17,976 - ml_project_logger - INFO - Training data loaded. Shape: (800, 8)
2025-10-18 16:07:17,976 - ml_project_logger - INFO - Loading test data from: artifact\test.csv
2025-10-18 16:07:17,979 - ml_project_logger - INFO - Test data loaded. Shape: (200, 8)
2025-10-18 16:07:17,980 - ml_project_logger - INFO - Getting data transformer object
2025-10-18 16:07:17,980 - ml_project_logger - INFO - Creating data transformer object
2025-10-18 16:07:17,980 - ml_project_logger - INFO - Numerical features: ['reading_score', 'writing_score']
2025-10-18 16:07:17,980 - ml_project_logger - INFO - Categorical features: ['gender', 'race_ethnicity', 'parental_level_of_education', 'lunch', 'test_preparation_course']
2025-10-18 16:07:17,980 - ml_project_logger - INFO - Initializing numerical pipeline
2025-10-18 16:07:17,981 - ml_project_logger - INFO - Initializing categorical pipeline
2025-10-18 16:07:17,981 - ml_project_logger - INFO - Creating column transformer
2025-10-18 16:07:17,981 - ml_project_logger - INFO - Data transformer object created successfully
2025-10-18 16:07:17,981 - ml_project_logger - INFO - Target column: math_score
2025-10-18 16:07:17,981 - ml_project_logger - INFO - Splitting features and target
2025-10-18 16:07:17,984 - ml_project_logger - INFO - Training features shape: (800, 7)
2025-10-18 16:07:17,984 - ml_project_logger - INFO - Test features shape: (200, 7)
2025-10-18 16:07:17,985 - ml_project_logger - INFO - Fitting and transforming training data
2025-10-18 16:07:17,999 - ml_project_logger - INFO - Transforming test data
2025-10-18 16:07:18,004 - ml_project_logger - INFO - Transformed training features shape: (800, 19)
2025-10-18 16:07:18,004 - ml_project_logger - INFO - Transformed test features shape: (200, 19)
2025-10-18 16:07:18,005 - ml_project_logger - INFO - Combining features and target
2025-10-18 16:07:18,005 - ml_project_logger - INFO - Final training array shape: (800, 20)
2025-10-18 16:07:18,005 - ml_project_logger - INFO - Final test array shape: (200, 20)
2025-10-18 16:07:18,005 - ml_project_logger - INFO - Saving preprocessor object to: artifact\preprocessor.pkl
2025-10-18 16:07:18,011 - ml_project_logger - INFO - Preprocessor saved successfully
2025-10-18 16:07:18,011 - ml_project_logger - INFO - Data transformation completed successfully
